<?xml version="1.0" encoding="UTF-8"?>
<!-- Generated by org.testng.reporters.JUnitXMLReporter -->
<testsuite ignored="0" hostname="DESKTOP-37MA7K4" failures="0" tests="3" name="Default test" time="123.451" errors="0" timestamp="2023-06-08T03:19:52 EDT">
  <testcase classname="Test_Scenarios.Test_Methods_Google_Search" name="SearchOperation" time="11.905"/>
  <testcase classname="Test_Scenarios.Test_Methods_Google_Search" name="VerifyandAccessFacebook" time="14.243"/>
  <testcase classname="Test_Scenarios.Test_Methods_Google_Search" name="VerifyLoginfunctionality" time="8.344"/>
</testsuite> <!-- Default test -->
