<?xml version="1.0" encoding="UTF-8"?>
<testng-results ignored="0" total="3" passed="3" failed="0" skipped="0">
  <reporter-output>
  </reporter-output>
  <suite started-at="2023-06-08T03:17:48 EDT" name="Default suite" finished-at="2023-06-08T03:19:52 EDT" duration-ms="123451">
    <groups>
    </groups>
    <test started-at="2023-06-08T03:17:48 EDT" name="Default test" finished-at="2023-06-08T03:19:52 EDT" duration-ms="123451">
      <class name="Test_Scenarios.Test_Methods_Google_Search">
        <test-method is-config="true" signature="beforetest()[pri:0, instance:Test_Scenarios.Test_Methods_Google_Search@1e0b4072]" started-at="2023-06-08T03:17:48 EDT" name="beforetest" finished-at="2023-06-08T03:19:08 EDT" duration-ms="80236" status="PASS">
          <reporter-output>
          </reporter-output>
        </test-method> <!-- beforetest -->
        <test-method signature="SearchOperation()[pri:0, instance:Test_Scenarios.Test_Methods_Google_Search@1e0b4072]" started-at="2023-06-08T03:19:10 EDT" name="SearchOperation" finished-at="2023-06-08T03:19:22 EDT" duration-ms="11905" status="PASS">
          <reporter-output>
          </reporter-output>
        </test-method> <!-- SearchOperation -->
        <test-method signature="VerifyandAccessFacebook()[pri:1, instance:Test_Scenarios.Test_Methods_Google_Search@1e0b4072]" started-at="2023-06-08T03:19:22 EDT" name="VerifyandAccessFacebook" finished-at="2023-06-08T03:19:36 EDT" duration-ms="14243" status="PASS">
          <reporter-output>
          </reporter-output>
        </test-method> <!-- VerifyandAccessFacebook -->
        <test-method signature="VerifyLoginfunctionality()[pri:2, instance:Test_Scenarios.Test_Methods_Google_Search@1e0b4072]" started-at="2023-06-08T03:19:36 EDT" name="VerifyLoginfunctionality" finished-at="2023-06-08T03:19:45 EDT" duration-ms="8344" status="PASS">
          <reporter-output>
          </reporter-output>
        </test-method> <!-- VerifyLoginfunctionality -->
        <test-method is-config="true" signature="aftertest()[pri:0, instance:Test_Scenarios.Test_Methods_Google_Search@1e0b4072]" started-at="2023-06-08T03:19:45 EDT" name="aftertest" finished-at="2023-06-08T03:19:52 EDT" duration-ms="7019" status="PASS">
          <reporter-output>
          </reporter-output>
        </test-method> <!-- aftertest -->
      </class> <!-- Test_Scenarios.Test_Methods_Google_Search -->
    </test> <!-- Default test -->
  </suite> <!-- Default suite -->
</testng-results>
